<?xml version="1.0" encoding="UTF-8"?>
<testng-results skipped="0" failed="0" ignored="0" total="1" passed="1">
  <reporter-output>
  </reporter-output>
  <suite name="Default suite" duration-ms="10182" started-at="2022-02-14T13:41:44 IST" finished-at="2022-02-14T13:41:55 IST">
    <groups>
    </groups>
    <test name="Default test" duration-ms="10182" started-at="2022-02-14T13:41:44 IST" finished-at="2022-02-14T13:41:55 IST">
      <class name="com.ojt.TestClassFirst">
        <test-method status="PASS" signature="test1()[pri:0, instance:com.ojt.TestClassFirst@45820e51]" name="test1" duration-ms="10138" started-at="2022-02-14T13:41:44 IST" finished-at="2022-02-14T13:41:55 IST">
          <reporter-output>
          </reporter-output>
        </test-method> <!-- test1 -->
      </class> <!-- com.ojt.TestClassFirst -->
    </test> <!-- Default test -->
  </suite> <!-- Default suite -->
</testng-results>
